<?xml version="1.0" encoding="UTF-8"?>
<testng-results ignored="0" total="1" passed="1" failed="0" skipped="0">
  <reporter-output>
  </reporter-output>
  <suite started-at="2019-07-15T07:20:35Z" name="Default suite" finished-at="2019-07-15T07:20:38Z" duration-ms="2912">
    <groups>
    </groups>
    <test started-at="2019-07-15T07:20:35Z" name="Default test" finished-at="2019-07-15T07:20:38Z" duration-ms="2912">
      <class name="Demo1_DELETE_Request">
        <test-method signature="DeletionSuccessful()[pri:0, instance:Demo1_DELETE_Request@3d299e3]" started-at="2019-07-15T07:20:35Z" name="DeletionSuccessful" finished-at="2019-07-15T07:20:38Z" duration-ms="2865" status="PASS">
          <reporter-output>
          </reporter-output>
        </test-method> <!-- DeletionSuccessful -->
      </class> <!-- Demo1_DELETE_Request -->
    </test> <!-- Default test -->
  </suite> <!-- Default suite -->
</testng-results>
