<?xml version="1.0" encoding="UTF-8"?>
<testng-results ignored="0" total="1" passed="1" failed="0" skipped="0">
  <reporter-output>
  </reporter-output>
  <suite started-at="2019-08-02T14:38:23Z" name="Default suite" finished-at="2019-08-02T14:38:33Z" duration-ms="10109">
    <groups>
    </groups>
    <test started-at="2019-08-02T14:38:23Z" name="Default test" finished-at="2019-08-02T14:38:33Z" duration-ms="10109">
      <class name="com.atmecs.testscripts.CheckoutTest">
        <test-method is-config="true" signature="preSetup()[pri:0, instance:com.atmecs.testscripts.CheckoutTest@71c8becc]" started-at="2019-08-02T14:38:23Z" name="preSetup" finished-at="2019-08-02T14:38:32Z" duration-ms="8547" status="PASS">
          <reporter-output>
          </reporter-output>
        </test-method> <!-- preSetup -->
        <test-method signature="checkout()[pri:0, instance:com.atmecs.testscripts.CheckoutTest@71c8becc]" started-at="2019-08-02T14:38:32Z" name="checkout" finished-at="2019-08-02T14:38:33Z" duration-ms="1524" status="PASS">
          <reporter-output>
          </reporter-output>
        </test-method> <!-- checkout -->
      </class> <!-- com.atmecs.testscripts.CheckoutTest -->
    </test> <!-- Default test -->
  </suite> <!-- Default suite -->
</testng-results>
