<?xml version="1.0" encoding="UTF-8"?>
<testng-results ignored="0" total="1" passed="1" failed="0" skipped="0">
  <reporter-output>
  </reporter-output>
  <suite started-at="2019-07-26T10:01:18Z" name="Default suite" finished-at="2019-07-26T10:02:02Z" duration-ms="44418">
    <groups>
    </groups>
    <test started-at="2019-07-26T10:01:18Z" name="Default test" finished-at="2019-07-26T10:02:02Z" duration-ms="44418">
      <class name="com.app.driverg.testscripts.RegisterUser">
        <test-method is-config="true" signature="preSetup()[pri:0, instance:com.app.driverg.testscripts.RegisterUser@45dd4eda]" started-at="2019-07-26T10:01:18Z" name="preSetup" finished-at="2019-07-26T10:01:28Z" duration-ms="9815" status="PASS">
          <reporter-output>
          </reporter-output>
        </test-method> <!-- preSetup -->
        <test-method signature="testRegister()[pri:0, instance:com.app.driverg.testscripts.RegisterUser@45dd4eda]" started-at="2019-07-26T10:01:28Z" name="testRegister" finished-at="2019-07-26T10:02:02Z" duration-ms="34574" status="PASS">
          <reporter-output>
          </reporter-output>
        </test-method> <!-- testRegister -->
      </class> <!-- com.app.driverg.testscripts.RegisterUser -->
    </test> <!-- Default test -->
  </suite> <!-- Default suite -->
</testng-results>
